{"total": {"lines":{"total":704,"covered":232,"skipped":0,"pct":32.95},"statements":{"total":704,"covered":232,"skipped":0,"pct":32.95},"functions":{"total":16,"covered":1,"skipped":0,"pct":6.25},"branches":{"total":5,"covered":2,"skipped":0,"pct":40},"branchesTrue":{"total":0,"covered":0,"skipped":0,"pct":100}}
,"F:\\TypeScript\\tetris-game-typescript\\src\\App.tsx": {"lines":{"total":77,"covered":11,"skipped":0,"pct":14.28},"functions":{"total":1,"covered":0,"skipped":0,"pct":0},"statements":{"total":77,"covered":11,"skipped":0,"pct":14.28},"branches":{"total":0,"covered":0,"skipped":0,"pct":100}}
,"F:\\TypeScript\\tetris-game-typescript\\src\\classes\\Block.tsx": {"lines":{"total":29,"covered":5,"skipped":0,"pct":17.24},"functions":{"total":1,"covered":0,"skipped":0,"pct":0},"statements":{"total":29,"covered":5,"skipped":0,"pct":17.24},"branches":{"total":1,"covered":0,"skipped":0,"pct":0}}
,"F:\\TypeScript\\tetris-game-typescript\\src\\classes\\CollisionDetection.tsx": {"lines":{"total":54,"covered":14,"skipped":0,"pct":25.92},"functions":{"total":4,"covered":0,"skipped":0,"pct":0},"statements":{"total":54,"covered":14,"skipped":0,"pct":25.92},"branches":{"total":0,"covered":0,"skipped":0,"pct":100}}
,"F:\\TypeScript\\tetris-game-typescript\\src\\classes\\Controls.tsx": {"lines":{"total":17,"covered":17,"skipped":0,"pct":100},"functions":{"total":1,"covered":1,"skipped":0,"pct":100},"statements":{"total":17,"covered":17,"skipped":0,"pct":100},"branches":{"total":2,"covered":2,"skipped":0,"pct":100}}
,"F:\\TypeScript\\tetris-game-typescript\\src\\classes\\GameEvents.tsx": {"lines":{"total":6,"covered":6,"skipped":0,"pct":100},"functions":{"total":2,"covered":0,"skipped":0,"pct":0},"statements":{"total":6,"covered":6,"skipped":0,"pct":100},"branches":{"total":0,"covered":0,"skipped":0,"pct":100}}
,"F:\\TypeScript\\tetris-game-typescript\\src\\classes\\GameManager.tsx": {"lines":{"total":216,"covered":10,"skipped":0,"pct":4.62},"functions":{"total":1,"covered":0,"skipped":0,"pct":0},"statements":{"total":216,"covered":10,"skipped":0,"pct":4.62},"branches":{"total":1,"covered":0,"skipped":0,"pct":0}}
,"F:\\TypeScript\\tetris-game-typescript\\src\\classes\\ScoreManager.tsx": {"lines":{"total":9,"covered":7,"skipped":0,"pct":77.77},"functions":{"total":1,"covered":0,"skipped":0,"pct":0},"statements":{"total":9,"covered":7,"skipped":0,"pct":77.77},"branches":{"total":0,"covered":0,"skipped":0,"pct":100}}
,"F:\\TypeScript\\tetris-game-typescript\\src\\classes\\Shape.tsx": {"lines":{"total":89,"covered":7,"skipped":0,"pct":7.86},"functions":{"total":1,"covered":0,"skipped":0,"pct":0},"statements":{"total":89,"covered":7,"skipped":0,"pct":7.86},"branches":{"total":1,"covered":0,"skipped":0,"pct":0}}
,"F:\\TypeScript\\tetris-game-typescript\\src\\classes\\ShapeRepository.tsx": {"lines":{"total":15,"covered":9,"skipped":0,"pct":60},"functions":{"total":2,"covered":0,"skipped":0,"pct":0},"statements":{"total":15,"covered":9,"skipped":0,"pct":60},"branches":{"total":0,"covered":0,"skipped":0,"pct":100}}
,"F:\\TypeScript\\tetris-game-typescript\\src\\components\\Board.tsx": {"lines":{"total":32,"covered":11,"skipped":0,"pct":34.37},"functions":{"total":1,"covered":0,"skipped":0,"pct":0},"statements":{"total":32,"covered":11,"skipped":0,"pct":34.37},"branches":{"total":0,"covered":0,"skipped":0,"pct":100}}
,"F:\\TypeScript\\tetris-game-typescript\\src\\components\\NextShape.tsx": {"lines":{"total":37,"covered":12,"skipped":0,"pct":32.43},"functions":{"total":1,"covered":0,"skipped":0,"pct":0},"statements":{"total":37,"covered":12,"skipped":0,"pct":32.43},"branches":{"total":0,"covered":0,"skipped":0,"pct":100}}
,"F:\\TypeScript\\tetris-game-typescript\\src\\data\\shapes.tsx": {"lines":{"total":123,"covered":123,"skipped":0,"pct":100},"functions":{"total":0,"covered":0,"skipped":0,"pct":100},"statements":{"total":123,"covered":123,"skipped":0,"pct":100},"branches":{"total":0,"covered":0,"skipped":0,"pct":100}}
}
